<?xml version="1.0" encoding="UTF-8"?>
<!-- Generated by org.testng.reporters.JUnitReportReporter -->
<testsuite skipped="0" hostname="DESKTOP-JSNFMS1" name="test.DashBoardPageTest" tests="1" failures="0" timestamp="03 Apr 2022 22:11:26 GMT" time="4.226" errors="0">
  <testcase name="validUserShouldBeAbleToCreateCustomer" time="4.226" classname="test.DashBoardPageTest"/>
</testsuite> <!-- test.DashBoardPageTest -->
